<?xml version="1.0" encoding="UTF-8"?>
<!-- Generated by org.testng.reporters.JUnitReportReporter -->
<testsuite skipped="0" hostname="DESKTOP-VBREMM5" name="com.crm.qa.testcases.LoginPageTest" tests="3" failures="0" timestamp="25 Dec 2018 01:38:57 GMT" time="49.368" errors="0">
  <testcase name="loginPageTitleTest" time="12.382" classname="com.crm.qa.testcases.LoginPageTest"/>
  <testcase name="crmLogoImageTest" time="16.755" classname="com.crm.qa.testcases.LoginPageTest"/>
  <testcase name="loginTest" time="20.231" classname="com.crm.qa.testcases.LoginPageTest"/>
</testsuite> <!-- com.crm.qa.testcases.LoginPageTest -->
