<?xml version="1.0" encoding="UTF-8"?>
<!-- Generated by org.testng.reporters.JUnitReportReporter -->
<testsuite skipped="0" hostname="DESKTOP-VBREMM5" name="com.crm.qa.testcases.HomePageTest" tests="3" failures="0" timestamp="25 Dec 2018 01:38:56 GMT" time="72.485" errors="0">
  <testcase name="verifyHomePageTitleTest" time="20.744" classname="com.crm.qa.testcases.HomePageTest"/>
  <testcase name="verifyUserNameTest" time="23.243" classname="com.crm.qa.testcases.HomePageTest"/>
  <testcase name="verifyContactsLinkTest" time="28.498" classname="com.crm.qa.testcases.HomePageTest"/>
</testsuite> <!-- com.crm.qa.testcases.HomePageTest -->
