<?xml version="1.0" encoding="UTF-8"?>
<!-- Generated by org.testng.reporters.JUnitReportReporter -->
<testsuite skipped="0" hostname="DESKTOP-VBREMM5" name="com.crm.qa.testcases.DealsPageTest" tests="4" failures="0" timestamp="27 Dec 2018 23:46:12 GMT" time="137.696" errors="0">
  <testcase name="verifyShowFullFormTest" time="24.586" classname="com.crm.qa.testcases.DealsPageTest"/>
  <testcase name="creatNewDealsTest" time="47.485" classname="com.crm.qa.testcases.DealsPageTest"/>
  <testcase name="creatNewDealsTest" time="32.712" classname="com.crm.qa.testcases.DealsPageTest"/>
  <testcase name="creatNewDealsTest" time="32.913" classname="com.crm.qa.testcases.DealsPageTest"/>
</testsuite> <!-- com.crm.qa.testcases.DealsPageTest -->
