<?xml version="1.0" encoding="UTF-8"?>
<!-- Generated by org.testng.reporters.JUnitReportReporter -->
<testsuite skipped="0" hostname="DESKTOP-VBREMM5" name="com.crm.qa.testcases.ContactsPageTest" tests="3" failures="0" timestamp="26 Dec 2018 22:27:36 GMT" time="133.774" errors="0">
  <testcase name="validateCreateNewContact" time="40.152" classname="com.crm.qa.testcases.ContactsPageTest"/>
  <testcase name="validateCreateNewContact" time="46.585" classname="com.crm.qa.testcases.ContactsPageTest"/>
  <testcase name="validateCreateNewContact" time="47.037" classname="com.crm.qa.testcases.ContactsPageTest"/>
</testsuite> <!-- com.crm.qa.testcases.ContactsPageTest -->
