<?xml version="1.0" encoding="UTF-8"?>
<!-- Generated by org.testng.reporters.JUnitReportReporter -->
<testsuite skipped="0" hostname="DESKTOP-VBREMM5" name="com.crm.qa.testcases.TasksPageTest" tests="4" failures="0" timestamp="01 Jan 2019 03:06:20 GMT" time="299.053" errors="0">
  <testcase name="verifyShowingAllTaksLabelTest" time="47.551" classname="com.crm.qa.testcases.TasksPageTest"/>
  <testcase name="enterNewTasksInfoTest" time="82.232" classname="com.crm.qa.testcases.TasksPageTest"/>
  <testcase name="enterNewTasksInfoTest" time="70.558" classname="com.crm.qa.testcases.TasksPageTest"/>
  <testcase name="enterNewTasksInfoTest" time="98.712" classname="com.crm.qa.testcases.TasksPageTest"/>
</testsuite> <!-- com.crm.qa.testcases.TasksPageTest -->
