<?xml version="1.0" encoding="UTF-8"?>
<!-- Generated by org.testng.reporters.JUnitReportReporter -->
<testsuite skipped="0" hostname="DESKTOP-VBREMM5" name="com.crm.qa.testcases.LoginPageTest" tests="3" failures="0" timestamp="04 Jan 2019 01:46:07 GMT" time="70.788" errors="0">
  <testcase name="loginPageTitleTest" time="26.258" classname="com.crm.qa.testcases.LoginPageTest"/>
  <testcase name="crmLogoImageTest" time="14.061" classname="com.crm.qa.testcases.LoginPageTest"/>
  <testcase name="loginTest" time="30.469" classname="com.crm.qa.testcases.LoginPageTest"/>
</testsuite> <!-- com.crm.qa.testcases.LoginPageTest -->
