<?xml version="1.0" encoding="UTF-8"?>
<!-- Generated by org.testng.reporters.JUnitReportReporter -->
<testsuite skipped="0" hostname="DESKTOP-VBREMM5" name="com.crm.qa.testcases.HomePageTest" tests="3" failures="0" timestamp="04 Jan 2019 01:46:07 GMT" time="100.169" errors="0">
  <testcase name="verifyHomePageTitleTest" time="31.574" classname="com.crm.qa.testcases.HomePageTest"/>
  <testcase name="verifyUserNameTest" time="40.275" classname="com.crm.qa.testcases.HomePageTest"/>
  <testcase name="verifyContactsLinkTest" time="28.320" classname="com.crm.qa.testcases.HomePageTest"/>
</testsuite> <!-- com.crm.qa.testcases.HomePageTest -->
