<?xml version="1.0" encoding="UTF-8"?>
<!-- Generated by org.testng.reporters.JUnitReportReporter -->
<testsuite skipped="0" hostname="DESKTOP-VBREMM5" name="com.crm.qa.testcases.DealsPageTest" tests="4" failures="0" timestamp="04 Jan 2019 01:46:07 GMT" time="192.470" errors="0">
  <testcase name="verifyShowFullFormTest" time="33.861" classname="com.crm.qa.testcases.DealsPageTest"/>
  <testcase name="creatNewDealsTest" time="33.370" classname="com.crm.qa.testcases.DealsPageTest"/>
  <testcase name="creatNewDealsTest" time="59.308" classname="com.crm.qa.testcases.DealsPageTest"/>
  <testcase name="creatNewDealsTest" time="65.931" classname="com.crm.qa.testcases.DealsPageTest"/>
</testsuite> <!-- com.crm.qa.testcases.DealsPageTest -->
