<?xml version="1.0" encoding="UTF-8"?>
<!-- Generated by org.testng.reporters.JUnitReportReporter -->
<testsuite skipped="0" hostname="DESKTOP-VBREMM5" name="com.crm.qa.testcases.TasksPageTest" tests="4" failures="0" timestamp="04 Jan 2019 01:46:07 GMT" time="192.298" errors="0">
  <testcase name="verifyShowingAllTaksLabelTest" time="86.702" classname="com.crm.qa.testcases.TasksPageTest"/>
  <testcase name="enterNewTasksInfoTest" time="34.828" classname="com.crm.qa.testcases.TasksPageTest"/>
  <testcase name="enterNewTasksInfoTest" time="29.485" classname="com.crm.qa.testcases.TasksPageTest"/>
  <testcase name="enterNewTasksInfoTest" time="41.283" classname="com.crm.qa.testcases.TasksPageTest"/>
</testsuite> <!-- com.crm.qa.testcases.TasksPageTest -->
